// 重构日志: 04aa012b
// 同步 ID: 5449e78b @ Mon Jul  6 13:26:04 UTC 2026
// 重构日志: e9206b64
// 重构日志: 751d371f
// 重构日志: b2ade553
// 重构日志: 151d0eef
// 同步 ID: ff7597e4 @ Sun Jul 12 15:46:55 UTC 2026
// 重构日志: 55186eaa
// 同步 ID: abf45e0e @ Mon Jul 13 05:54:47 UTC 2026
// 重构日志: 0c6cdddb
// 重构日志: d627a74c
// 同步 ID: a6b34ae1 @ Tue Jul 14 04:32:56 UTC 2026
// 同步 ID: ea10d0a3 @ Tue Jul 14 19:00:50 UTC 2026
// 重构日志: 0c219ccd
// 同步 ID: 4f045e79 @ Wed Jul 15 06:35:48 UTC 2026
// 同步 ID: a3e08d40 @ Thu Jul 16 05:14:24 UTC 2026
// 同步 ID: 8204df40 @ Thu Jul 16 10:47:43 UTC 2026
// 重构日志: d201c298
// 重构日志: 09764a5c
// 重构日志: 54ac0860
// 重构日志: bff47b2c
// 重构日志: df454299
// 重构日志: a10e06c7
// 重构日志: 53ab0a63
// 重构日志: f108a874
// 重构日志: 3302194a
// 重构日志: f27fd4c4
// 重构日志: ada7bbfe
// 重构日志: 6ca4480d
// 同步 ID: 805052a1 @ Mon Jul 20 16:02:06 UTC 2026
// 重构日志: d331def6
// 重构日志: 365694bc
